2026-03-18T11:08:33.910809Z  INFO tailwindcss_oxide::scanner: Provided sources:
2026-03-18T11:08:33.911030Z  INFO tailwindcss_oxide::scanner: Source: PublicSourceEntry { base: "C:\\antigravity_project\\spmb-dkn", pattern: "**/*", negated: false }
2026-03-18T11:08:33.911411Z  INFO tailwindcss_oxide::scanner: Optimized sources:
2026-03-18T11:08:33.911448Z  INFO tailwindcss_oxide::scanner: Source: Auto { base: "C:\\antigravity_project\\spmb-dkn" }
2026-03-18T11:08:33.915584Z  INFO discover_sources: tailwindcss_oxide::scanner: enter
2026-03-18T11:08:33.915738Z  INFO discover_sources:walk_synchronous: tailwindcss_oxide::scanner: enter
2026-03-18T11:08:33.929487Z  INFO discover_sources:walk_synchronous: tailwindcss_oxide::scanner: exit
2026-03-18T11:08:33.930679Z  INFO tailwindcss_oxide::scanner: Reading "C:\\antigravity_project\\spmb-dkn\\src\\app\\admin\\waves\\page.tsx"
2026-03-18T11:08:33.930682Z  INFO tailwindcss_oxide::scanner: Reading "C:\\antigravity_project\\spmb-dkn\\public\\vercel.svg"
2026-03-18T11:08:33.930958Z  INFO tailwindcss_oxide::scanner: Reading "C:\\antigravity_project\\spmb-dkn\\src\\app\\api\\admin\\payments\\[id]\\route.ts"
2026-03-18T11:08:33.930694Z  INFO tailwindcss_oxide::scanner: Reading "C:\\antigravity_project\\spmb-dkn\\eslint.config.mjs"
2026-03-18T11:08:33.931159Z  INFO tailwindcss_oxide::scanner: Reading "C:\\antigravity_project\\spmb-dkn\\public\\window.svg"
2026-03-18T11:08:33.931252Z  INFO tailwindcss_oxide::scanner: Reading "C:\\antigravity_project\\spmb-dkn\\src\\app\\api\\auth\\register\\route.ts"
2026-03-18T11:08:33.931263Z  INFO tailwindcss_oxide::scanner: Reading "C:\\antigravity_project\\spmb-dkn\\next.config.ts"
2026-03-18T11:08:33.931264Z  INFO tailwindcss_oxide::scanner: Reading "C:\\antigravity_project\\spmb-dkn\\src\\app\\admin\\exams\\page.tsx"
2026-03-18T11:08:33.931336Z  INFO tailwindcss_oxide::scanner: Reading "C:\\antigravity_project\\spmb-dkn\\README.md"
2026-03-18T11:08:33.931412Z  INFO tailwindcss_oxide::scanner: Reading "C:\\antigravity_project\\spmb-dkn\\src\\app\\api\\auth\\[...nextauth]\\route.ts"
2026-03-18T11:08:33.931450Z  INFO tailwindcss_oxide::scanner: Reading "C:\\antigravity_project\\spmb-dkn\\package.json"
2026-03-18T11:08:33.931450Z  INFO tailwindcss_oxide::scanner: Reading "C:\\antigravity_project\\spmb-dkn\\src\\app\\admin\\payments\\page.tsx"
2026-03-18T11:08:33.931515Z  INFO tailwindcss_oxide::scanner: Reading "C:\\antigravity_project\\spmb-dkn\\src\\app\\admin\\dashboard\\page.tsx"
2026-03-18T11:08:33.931566Z  INFO tailwindcss_oxide::scanner: Reading "C:\\antigravity_project\\spmb-dkn\\src\\app\\api\\forms\\submit\\route.ts"
2026-03-18T11:08:33.931651Z  INFO tailwindcss_oxide::scanner: Reading "C:\\antigravity_project\\spmb-dkn\\postcss.config.mjs"
2026-03-18T11:08:33.931654Z  INFO tailwindcss_oxide::scanner: Reading "C:\\antigravity_project\\spmb-dkn\\src\\app\\admin\\payments\\PaymentActions.tsx"
2026-03-18T11:08:33.931622Z  INFO tailwindcss_oxide::scanner: Reading "C:\\antigravity_project\\spmb-dkn\\prisma\\schema.prisma"
2026-03-18T11:08:33.931674Z  INFO tailwindcss_oxide::scanner: Reading "C:\\antigravity_project\\spmb-dkn\\public\\file.svg"
2026-03-18T11:08:33.931707Z  INFO tailwindcss_oxide::scanner: Reading "C:\\antigravity_project\\spmb-dkn\\src\\app\\api\\payments\\submit\\route.ts"
2026-03-18T11:08:33.931818Z  INFO tailwindcss_oxide::scanner: Reading "C:\\antigravity_project\\spmb-dkn\\src\\app\\admin\\prodi\\page.tsx"
2026-03-18T11:08:33.931857Z  INFO tailwindcss_oxide::scanner: Reading "C:\\antigravity_project\\spmb-dkn\\src\\app\\dashboard\\exams\\page.tsx"
2026-03-18T11:08:33.931868Z  INFO tailwindcss_oxide::scanner: Reading "C:\\antigravity_project\\spmb-dkn\\public\\next.svg"
2026-03-18T11:08:33.931860Z  INFO tailwindcss_oxide::scanner: Reading "C:\\antigravity_project\\spmb-dkn\\prisma.config.ts"
2026-03-18T11:08:33.931919Z  INFO tailwindcss_oxide::scanner: Reading "C:\\antigravity_project\\spmb-dkn\\public\\globe.svg"
2026-03-18T11:08:33.931968Z  INFO tailwindcss_oxide::scanner: Reading "C:\\antigravity_project\\spmb-dkn\\src\\app\\admin\\settings\\page.tsx"
2026-03-18T11:08:33.932017Z  INFO tailwindcss_oxide::scanner: Reading "C:\\antigravity_project\\spmb-dkn\\src\\app\\dashboard\\payment\\page.tsx"
2026-03-18T11:08:33.932121Z  INFO tailwindcss_oxide::scanner: Reading "C:\\antigravity_project\\spmb-dkn\\src\\components\\Providers.tsx"
2026-03-18T11:08:33.932057Z  INFO tailwindcss_oxide::scanner: Reading "C:\\antigravity_project\\spmb-dkn\\src\\app\\dashboard\\page.tsx"
2026-03-18T11:08:33.932190Z  INFO tailwindcss_oxide::scanner: Reading "C:\\antigravity_project\\spmb-dkn\\src\\app\\login\\page.tsx"
2026-03-18T11:08:33.932247Z  INFO tailwindcss_oxide::scanner: Reading "C:\\antigravity_project\\spmb-dkn\\src\\app\\page.tsx"
2026-03-18T11:08:33.932292Z  INFO tailwindcss_oxide::scanner: Reading "C:\\antigravity_project\\spmb-dkn\\src\\lib\\prisma.ts"
2026-03-18T11:08:33.932292Z  INFO tailwindcss_oxide::scanner: Reading "C:\\antigravity_project\\spmb-dkn\\src\\app\\layout.tsx"
2026-03-18T11:08:33.932319Z  INFO tailwindcss_oxide::scanner: Reading "C:\\antigravity_project\\spmb-dkn\\src\\app\\register\\page.tsx"
2026-03-18T11:08:33.932018Z  INFO tailwindcss_oxide::scanner: Reading "C:\\antigravity_project\\spmb-dkn\\src\\app\\dashboard\\form\\page.tsx"
2026-03-18T11:08:33.932335Z  INFO tailwindcss_oxide::scanner: Reading "C:\\antigravity_project\\spmb-dkn\\src\\middleware.ts"
2026-03-18T11:08:33.932351Z  INFO tailwindcss_oxide::scanner: Reading "C:\\antigravity_project\\spmb-dkn\\tsconfig.json"
2026-03-18T11:08:33.932408Z  INFO tailwindcss_oxide::scanner: Reading "C:\\antigravity_project\\spmb-dkn\\ts_errors.txt"
2026-03-18T11:08:33.932594Z  INFO discover_sources: tailwindcss_oxide::scanner: exit
2026-03-18T11:08:33.932635Z  INFO extract_candidates: tailwindcss_oxide::scanner: enter
2026-03-18T11:08:33.932650Z  INFO extract_candidates:parse_all_blobs: tailwindcss_oxide::scanner: enter
2026-03-18T11:08:33.932667Z  INFO extract_candidates:parse_all_blobs:extract: tailwindcss_oxide::scanner: enter
2026-03-18T11:08:33.934770Z  INFO extract_candidates:parse_all_blobs:extract: tailwindcss_oxide::scanner: exit
2026-03-18T11:08:33.934827Z  INFO extract_candidates:parse_all_blobs: tailwindcss_oxide::scanner: exit
2026-03-18T11:08:33.934839Z  INFO extract_candidates:read_all_files: tailwindcss_oxide::scanner: enter
2026-03-18T11:08:33.934846Z  INFO extract_candidates:read_all_files: tailwindcss_oxide::scanner: Reading 1 file(s)
2026-03-18T11:08:33.935049Z  INFO extract_candidates:read_all_files: tailwindcss_oxide::scanner: Reading "C:\\antigravity_project\\spmb-dkn\\src\\app\\globals.css"
2026-03-18T11:08:33.935068Z  INFO extract_candidates:read_all_files: tailwindcss_oxide::scanner: exit
2026-03-18T11:08:33.935083Z  INFO extract_candidates:extract_css_variables: tailwindcss_oxide::scanner: enter
2026-03-18T11:08:33.935095Z  INFO extract_candidates:extract_css_variables:extract: tailwindcss_oxide::scanner: enter
2026-03-18T11:08:33.935226Z  INFO extract_candidates:extract_css_variables:extract: tailwindcss_oxide::scanner: exit
2026-03-18T11:08:33.935263Z  INFO extract_candidates:extract_css_variables: tailwindcss_oxide::scanner: exit
2026-03-18T11:08:33.935572Z  INFO extract_candidates: tailwindcss_oxide::scanner: exit
2026-03-18T11:08:33.936274Z  INFO get_files: tailwindcss_oxide::scanner: enter
2026-03-18T11:08:33.936294Z  INFO get_files:discover_sources: tailwindcss_oxide::scanner: enter
2026-03-18T11:08:33.936301Z  INFO get_files:discover_sources: tailwindcss_oxide::scanner: exit
2026-03-18T11:08:33.936461Z  INFO get_files: tailwindcss_oxide::scanner: exit
2026-03-18T11:08:33.937000Z  INFO get_globs: tailwindcss_oxide::scanner: enter
2026-03-18T11:08:33.937021Z  INFO get_globs:discover_sources: tailwindcss_oxide::scanner: enter
2026-03-18T11:08:33.937029Z  INFO get_globs:discover_sources: tailwindcss_oxide::scanner: exit
2026-03-18T11:08:33.953138Z  INFO get_globs: tailwindcss_oxide::scanner: exit
